c:\users\hyunj\downloads\wp-1 (1)\debug\vc143.pdb
c:\users\hyunj\downloads\wp-1 (1)\debug\vc143.idb
c:\users\hyunj\downloads\wp-1 (1)\debug\windowsproject1.obj
c:\users\hyunj\downloads\wp-1(2)\wp-1 (1)\debug\vc143.pdb
c:\users\hyunj\downloads\wp-1(2)\wp-1 (1)\debug\vc143.idb
c:\users\hyunj\downloads\wp-1(2)\wp-1 (1)\debug\windowsproject1.obj
c:\users\hyunj\downloads\wp-1 (1)\debug\windowsproject1.exe
c:\users\hyunj\downloads\wp-1 (1)\debug\windowsproject1.ilk
c:\users\hyunj\downloads\wp-1 (1)\debug\windowsproject1.pdb
c:\users\hyunj\downloads\wp-1(2)\wp-1 (1)\debug\windowsproject1.exe
c:\users\hyunj\downloads\wp-1(2)\wp-1 (1)\debug\windowsproject1.ilk
c:\users\hyunj\downloads\wp-1(2)\wp-1 (1)\debug\windowsproject1.pdb
c:\users\hyunj\downloads\wp-1 (1)\debug\windowsproject1.res
c:\users\hyunj\downloads\wp-1(2)\wp-1 (1)\debug\windowsproject1.res
c:\users\hyunj\downloads\wp-1(2)\wp-1 (1)\debug\windowsproject1.obj.enc
c:\users\hyunj\downloads\wp-1(2)\wp-1 (1)\debug\vc142.idb
c:\users\hyunj\downloads\wp-1(2)\wp-1 (1)\debug\vc142.pdb
c:\users\hyunj\downloads\wp-1(2)\wp-1 (1)\debug\windowsproject1.tlog\cl.command.1.tlog
c:\users\hyunj\downloads\wp-1(2)\wp-1 (1)\debug\windowsproject1.tlog\cl.read.1.tlog
c:\users\hyunj\downloads\wp-1(2)\wp-1 (1)\debug\windowsproject1.tlog\cl.write.1.tlog
c:\users\hyunj\downloads\wp-1(2)\wp-1 (1)\debug\windowsproject1.tlog\link.command.1.tlog
c:\users\hyunj\downloads\wp-1(2)\wp-1 (1)\debug\windowsproject1.tlog\link.read.1.tlog
c:\users\hyunj\downloads\wp-1(2)\wp-1 (1)\debug\windowsproject1.tlog\link.write.1.tlog
c:\users\hyunj\downloads\wp-1(2)\wp-1 (1)\debug\windowsproject1.tlog\rc.command.1.tlog
c:\users\hyunj\downloads\wp-1(2)\wp-1 (1)\debug\windowsproject1.tlog\rc.read.1.tlog
c:\users\hyunj\downloads\wp-1(2)\wp-1 (1)\debug\windowsproject1.tlog\rc.write.1.tlog
