  WindowsProject1.cpp
C:\Users\kycsn\OneDrive\바탕 화면\WP\WindowsProject1.cpp(99,18): warning C4101: 'hHelp' :참조되지 않은 지역 변수입니다.
C:\Users\kycsn\OneDrive\바탕 화면\WP\WindowsProject1.cpp(106,21): warning C4101: 'mdicreate' :참조되지 않은 지역 변수입니다.
C:\Users\kycsn\OneDrive\바탕 화면\WP\WindowsProject1.cpp(105,24): warning C4101: 'clientcreate' :참조되지 않은 지역 변수입니다.
C:\Users\kycsn\OneDrive\바탕 화면\WP\WindowsProject1.cpp(217,15): warning C4244: '인수': 'time_t'에서 'unsigned int'(으)로 변환하면서 데이터가 손실될 수 있습니다.
C:\Users\kycsn\OneDrive\바탕 화면\WP\WindowsProject1.cpp(205,10): warning C4101: 'hHelp' :참조되지 않은 지역 변수입니다.
C:\Users\kycsn\OneDrive\바탕 화면\WP\WindowsProject1.cpp(188,15): warning C4101: 'hinst' :참조되지 않은 지역 변수입니다.
C:\Users\kycsn\OneDrive\바탕 화면\WP\WindowsProject1.cpp(195,9): warning C4101: 'button_mx' :참조되지 않은 지역 변수입니다.
C:\Users\kycsn\OneDrive\바탕 화면\WP\WindowsProject1.cpp(190,42): warning C4101: 'red' :참조되지 않은 지역 변수입니다.
C:\Users\kycsn\OneDrive\바탕 화면\WP\WindowsProject1.cpp(190,10): warning C4101: 'hPen1' :참조되지 않은 지역 변수입니다.
C:\Users\kycsn\OneDrive\바탕 화면\WP\WindowsProject1.cpp(190,17): warning C4101: 'hPen2' :참조되지 않은 지역 변수입니다.
C:\Users\kycsn\OneDrive\바탕 화면\WP\WindowsProject1.cpp(178,33): warning C4101: 'mem2dc' :참조되지 않은 지역 변수입니다.
C:\Users\kycsn\OneDrive\바탕 화면\WP\WindowsProject1.cpp(195,20): warning C4101: 'button_my' :참조되지 않은 지역 변수입니다.
C:\Users\kycsn\OneDrive\바탕 화면\WP\WindowsProject1.cpp(190,33): warning C4101: 'oldPen2' :참조되지 않은 지역 변수입니다.
C:\Users\kycsn\OneDrive\바탕 화면\WP\WindowsProject1.cpp(190,46): warning C4101: 'redold' :참조되지 않은 지역 변수입니다.
C:\Users\kycsn\OneDrive\바탕 화면\WP\WindowsProject1.cpp(179,20): warning C4101: 'hEdit' :참조되지 않은 지역 변수입니다.
C:\Users\kycsn\OneDrive\바탕 화면\WP\WindowsProject1.cpp(190,24): warning C4101: 'oldPen1' :참조되지 않은 지역 변수입니다.
  코드를 생성하고 있습니다.
  1 of 5 functions (20.0%) were compiled, the rest were copied from previous compilation.
    0 functions were new in current compilation
    1 functions had inline decision re-evaluated but remain unchanged
  코드를 생성했습니다.
  WindowsProject1.vcxproj -> C:\Users\kycsn\OneDrive\바탕 화면\WP\Release\WindowsProject1.exe
